4351 - [2023-04-16 22:47:53,241] : DEBUG -> Experiment script executed
4351 - [2023-04-16 22:47:53,242] : DEBUG -> Listing input files to the program
4351 - [2023-04-16 22:47:53,251] : DEBUG -> Running the program with each input 13 times
4351 - [2023-04-16 22:47:53,256] : DEBUG -> Running input: /mnt/e/Backup/Codigos_gerais/8-semestre/Analise_algoritmos/exp_sorting_PRKG/inputs/100cres.csv - Time 0
4351 - [2023-04-16 22:47:53,276] : DEBUG -> Program output: - Time 0
4351 - [2023-04-16 22:47:53,276] : DEBUG -> ---------------------------
4351 - [2023-04-16 22:47:53,277] : DEBUG -> 
 Tempo de Execucao: ---> 0.000400 

4351 - [2023-04-16 22:47:53,278] : DEBUG -> ---------------------------
4351 - [2023-04-16 22:47:53,279] : DEBUG -> Running input: /mnt/e/Backup/Codigos_gerais/8-semestre/Analise_algoritmos/exp_sorting_PRKG/inputs/100cres.csv - Time 1
4351 - [2023-04-16 22:47:53,291] : DEBUG -> Program output: - Time 1
4351 - [2023-04-16 22:47:53,292] : DEBUG -> ---------------------------
4351 - [2023-04-16 22:47:53,293] : DEBUG -> 
 Tempo de Execucao: ---> 0.000380 

4351 - [2023-04-16 22:47:53,293] : DEBUG -> ---------------------------
4351 - [2023-04-16 22:47:53,294] : DEBUG -> Running input: /mnt/e/Backup/Codigos_gerais/8-semestre/Analise_algoritmos/exp_sorting_PRKG/inputs/100cres.csv - Time 2
4351 - [2023-04-16 22:47:53,310] : DEBUG -> Program output: - Time 2
4351 - [2023-04-16 22:47:53,311] : DEBUG -> ---------------------------
4351 - [2023-04-16 22:47:53,312] : DEBUG -> 
 Tempo de Execucao: ---> 0.000840 

4351 - [2023-04-16 22:47:53,312] : DEBUG -> ---------------------------
4351 - [2023-04-16 22:47:53,313] : DEBUG -> Running input: /mnt/e/Backup/Codigos_gerais/8-semestre/Analise_algoritmos/exp_sorting_PRKG/inputs/100cres.csv - Time 3
4351 - [2023-04-16 22:47:53,330] : DEBUG -> Program output: - Time 3
4351 - [2023-04-16 22:47:53,331] : DEBUG -> ---------------------------
4351 - [2023-04-16 22:47:53,332] : DEBUG -> 
 Tempo de Execucao: ---> 0.000410 

4351 - [2023-04-16 22:47:53,332] : DEBUG -> ---------------------------
4351 - [2023-04-16 22:47:53,333] : DEBUG -> Running input: /mnt/e/Backup/Codigos_gerais/8-semestre/Analise_algoritmos/exp_sorting_PRKG/inputs/100cres.csv - Time 4
4351 - [2023-04-16 22:47:53,350] : DEBUG -> Program output: - Time 4
4351 - [2023-04-16 22:47:53,351] : DEBUG -> ---------------------------
4351 - [2023-04-16 22:47:53,351] : DEBUG -> 
 Tempo de Execucao: ---> 0.000390 

4351 - [2023-04-16 22:47:53,352] : DEBUG -> ---------------------------
4351 - [2023-04-16 22:47:53,353] : DEBUG -> Running input: /mnt/e/Backup/Codigos_gerais/8-semestre/Analise_algoritmos/exp_sorting_PRKG/inputs/100cres.csv - Time 5
4351 - [2023-04-16 22:47:53,368] : DEBUG -> Program output: - Time 5
4351 - [2023-04-16 22:47:53,368] : DEBUG -> ---------------------------
4351 - [2023-04-16 22:47:53,369] : DEBUG -> 
 Tempo de Execucao: ---> 0.000390 

4351 - [2023-04-16 22:47:53,370] : DEBUG -> ---------------------------
4351 - [2023-04-16 22:47:53,370] : DEBUG -> Running input: /mnt/e/Backup/Codigos_gerais/8-semestre/Analise_algoritmos/exp_sorting_PRKG/inputs/100cres.csv - Time 6
4351 - [2023-04-16 22:47:53,385] : DEBUG -> Program output: - Time 6
4351 - [2023-04-16 22:47:53,386] : DEBUG -> ---------------------------
4351 - [2023-04-16 22:47:53,386] : DEBUG -> 
 Tempo de Execucao: ---> 0.000390 

4351 - [2023-04-16 22:47:53,387] : DEBUG -> ---------------------------
4351 - [2023-04-16 22:47:53,388] : DEBUG -> Running input: /mnt/e/Backup/Codigos_gerais/8-semestre/Analise_algoritmos/exp_sorting_PRKG/inputs/100cres.csv - Time 7
4351 - [2023-04-16 22:47:53,407] : DEBUG -> Program output: - Time 7
4351 - [2023-04-16 22:47:53,408] : DEBUG -> ---------------------------
4351 - [2023-04-16 22:47:53,409] : DEBUG -> 
 Tempo de Execucao: ---> 0.000840 

4351 - [2023-04-16 22:47:53,410] : DEBUG -> ---------------------------
4351 - [2023-04-16 22:47:53,410] : DEBUG -> Running input: /mnt/e/Backup/Codigos_gerais/8-semestre/Analise_algoritmos/exp_sorting_PRKG/inputs/100cres.csv - Time 8
4351 - [2023-04-16 22:47:53,430] : DEBUG -> Program output: - Time 8
4351 - [2023-04-16 22:47:53,431] : DEBUG -> ---------------------------
4351 - [2023-04-16 22:47:53,431] : DEBUG -> 
 Tempo de Execucao: ---> 0.000830 

4351 - [2023-04-16 22:47:53,432] : DEBUG -> ---------------------------
4351 - [2023-04-16 22:47:53,433] : DEBUG -> Running input: /mnt/e/Backup/Codigos_gerais/8-semestre/Analise_algoritmos/exp_sorting_PRKG/inputs/100cres.csv - Time 9
4351 - [2023-04-16 22:47:53,453] : DEBUG -> Program output: - Time 9
4351 - [2023-04-16 22:47:53,454] : DEBUG -> ---------------------------
4351 - [2023-04-16 22:47:53,455] : DEBUG -> 
 Tempo de Execucao: ---> 0.000390 

4351 - [2023-04-16 22:47:53,456] : DEBUG -> ---------------------------
4351 - [2023-04-16 22:47:53,456] : DEBUG -> Running input: /mnt/e/Backup/Codigos_gerais/8-semestre/Analise_algoritmos/exp_sorting_PRKG/inputs/100cres.csv - Time 10
4351 - [2023-04-16 22:47:53,470] : DEBUG -> Program output: - Time 10
4351 - [2023-04-16 22:47:53,471] : DEBUG -> ---------------------------
4351 - [2023-04-16 22:47:53,472] : DEBUG -> 
 Tempo de Execucao: ---> 0.000400 

4351 - [2023-04-16 22:47:53,472] : DEBUG -> ---------------------------
4351 - [2023-04-16 22:47:53,473] : DEBUG -> Running input: /mnt/e/Backup/Codigos_gerais/8-semestre/Analise_algoritmos/exp_sorting_PRKG/inputs/100cres.csv - Time 11
4351 - [2023-04-16 22:47:53,488] : DEBUG -> Program output: - Time 11
4351 - [2023-04-16 22:47:53,489] : DEBUG -> ---------------------------
4351 - [2023-04-16 22:47:53,489] : DEBUG -> 
 Tempo de Execucao: ---> 0.000380 

4351 - [2023-04-16 22:47:53,490] : DEBUG -> ---------------------------
4351 - [2023-04-16 22:47:53,491] : DEBUG -> Running input: /mnt/e/Backup/Codigos_gerais/8-semestre/Analise_algoritmos/exp_sorting_PRKG/inputs/100cres.csv - Time 12
4351 - [2023-04-16 22:47:53,507] : DEBUG -> Program output: - Time 12
4351 - [2023-04-16 22:47:53,508] : DEBUG -> ---------------------------
4351 - [2023-04-16 22:47:53,509] : DEBUG -> 
 Tempo de Execucao: ---> 0.000390 

4351 - [2023-04-16 22:47:53,510] : DEBUG -> ---------------------------
4351 - [2023-04-16 22:47:53,514] : DEBUG -> Running input: /mnt/e/Backup/Codigos_gerais/8-semestre/Analise_algoritmos/exp_sorting_PRKG/inputs/100desc.csv - Time 0
4351 - [2023-04-16 22:47:53,527] : DEBUG -> Program output: - Time 0
4351 - [2023-04-16 22:47:53,528] : DEBUG -> ---------------------------
4351 - [2023-04-16 22:47:53,529] : DEBUG -> 
 Tempo de Execucao: ---> 0.000280 

4351 - [2023-04-16 22:47:53,530] : DEBUG -> ---------------------------
4351 - [2023-04-16 22:47:53,531] : DEBUG -> Running input: /mnt/e/Backup/Codigos_gerais/8-semestre/Analise_algoritmos/exp_sorting_PRKG/inputs/100desc.csv - Time 1
4351 - [2023-04-16 22:47:53,547] : DEBUG -> Program output: - Time 1
4351 - [2023-04-16 22:47:53,548] : DEBUG -> ---------------------------
4351 - [2023-04-16 22:47:53,548] : DEBUG -> 
 Tempo de Execucao: ---> 0.000280 

4351 - [2023-04-16 22:47:53,549] : DEBUG -> ---------------------------
4351 - [2023-04-16 22:47:53,550] : DEBUG -> Running input: /mnt/e/Backup/Codigos_gerais/8-semestre/Analise_algoritmos/exp_sorting_PRKG/inputs/100desc.csv - Time 2
4351 - [2023-04-16 22:47:53,564] : DEBUG -> Program output: - Time 2
4351 - [2023-04-16 22:47:53,565] : DEBUG -> ---------------------------
4351 - [2023-04-16 22:47:53,566] : DEBUG -> 
 Tempo de Execucao: ---> 0.000280 

4351 - [2023-04-16 22:47:53,566] : DEBUG -> ---------------------------
4351 - [2023-04-16 22:47:53,567] : DEBUG -> Running input: /mnt/e/Backup/Codigos_gerais/8-semestre/Analise_algoritmos/exp_sorting_PRKG/inputs/100desc.csv - Time 3
4351 - [2023-04-16 22:47:53,587] : DEBUG -> Program output: - Time 3
4351 - [2023-04-16 22:47:53,588] : DEBUG -> ---------------------------
4351 - [2023-04-16 22:47:53,589] : DEBUG -> 
 Tempo de Execucao: ---> 0.000610 

4351 - [2023-04-16 22:47:53,590] : DEBUG -> ---------------------------
4351 - [2023-04-16 22:47:53,591] : DEBUG -> Running input: /mnt/e/Backup/Codigos_gerais/8-semestre/Analise_algoritmos/exp_sorting_PRKG/inputs/100desc.csv - Time 4
4351 - [2023-04-16 22:47:53,606] : DEBUG -> Program output: - Time 4
4351 - [2023-04-16 22:47:53,607] : DEBUG -> ---------------------------
4351 - [2023-04-16 22:47:53,608] : DEBUG -> 
 Tempo de Execucao: ---> 0.000290 

4351 - [2023-04-16 22:47:53,609] : DEBUG -> ---------------------------
4351 - [2023-04-16 22:47:53,610] : DEBUG -> Running input: /mnt/e/Backup/Codigos_gerais/8-semestre/Analise_algoritmos/exp_sorting_PRKG/inputs/100desc.csv - Time 5
4351 - [2023-04-16 22:47:53,629] : DEBUG -> Program output: - Time 5
4351 - [2023-04-16 22:47:53,630] : DEBUG -> ---------------------------
4351 - [2023-04-16 22:47:53,631] : DEBUG -> 
 Tempo de Execucao: ---> 0.000650 

4351 - [2023-04-16 22:47:53,631] : DEBUG -> ---------------------------
4351 - [2023-04-16 22:47:53,632] : DEBUG -> Running input: /mnt/e/Backup/Codigos_gerais/8-semestre/Analise_algoritmos/exp_sorting_PRKG/inputs/100desc.csv - Time 6
4351 - [2023-04-16 22:47:53,649] : DEBUG -> Program output: - Time 6
4351 - [2023-04-16 22:47:53,650] : DEBUG -> ---------------------------
4351 - [2023-04-16 22:47:53,651] : DEBUG -> 
 Tempo de Execucao: ---> 0.000610 

4351 - [2023-04-16 22:47:53,651] : DEBUG -> ---------------------------
4351 - [2023-04-16 22:47:53,652] : DEBUG -> Running input: /mnt/e/Backup/Codigos_gerais/8-semestre/Analise_algoritmos/exp_sorting_PRKG/inputs/100desc.csv - Time 7
4351 - [2023-04-16 22:47:53,666] : DEBUG -> Program output: - Time 7
4351 - [2023-04-16 22:47:53,667] : DEBUG -> ---------------------------
4351 - [2023-04-16 22:47:53,668] : DEBUG -> 
 Tempo de Execucao: ---> 0.000280 

4351 - [2023-04-16 22:47:53,668] : DEBUG -> ---------------------------
4351 - [2023-04-16 22:47:53,669] : DEBUG -> Running input: /mnt/e/Backup/Codigos_gerais/8-semestre/Analise_algoritmos/exp_sorting_PRKG/inputs/100desc.csv - Time 8
4351 - [2023-04-16 22:47:53,687] : DEBUG -> Program output: - Time 8
4351 - [2023-04-16 22:47:53,688] : DEBUG -> ---------------------------
4351 - [2023-04-16 22:47:53,689] : DEBUG -> 
 Tempo de Execucao: ---> 0.000300 

4351 - [2023-04-16 22:47:53,690] : DEBUG -> ---------------------------
4351 - [2023-04-16 22:47:53,691] : DEBUG -> Running input: /mnt/e/Backup/Codigos_gerais/8-semestre/Analise_algoritmos/exp_sorting_PRKG/inputs/100desc.csv - Time 9
4351 - [2023-04-16 22:47:53,709] : DEBUG -> Program output: - Time 9
4351 - [2023-04-16 22:47:53,710] : DEBUG -> ---------------------------
4351 - [2023-04-16 22:47:53,711] : DEBUG -> 
 Tempo de Execucao: ---> 0.000290 

4351 - [2023-04-16 22:47:53,711] : DEBUG -> ---------------------------
4351 - [2023-04-16 22:47:53,712] : DEBUG -> Running input: /mnt/e/Backup/Codigos_gerais/8-semestre/Analise_algoritmos/exp_sorting_PRKG/inputs/100desc.csv - Time 10
4351 - [2023-04-16 22:47:53,727] : DEBUG -> Program output: - Time 10
4351 - [2023-04-16 22:47:53,727] : DEBUG -> ---------------------------
4351 - [2023-04-16 22:47:53,728] : DEBUG -> 
 Tempo de Execucao: ---> 0.000280 

4351 - [2023-04-16 22:47:53,729] : DEBUG -> ---------------------------
4351 - [2023-04-16 22:47:53,730] : DEBUG -> Running input: /mnt/e/Backup/Codigos_gerais/8-semestre/Analise_algoritmos/exp_sorting_PRKG/inputs/100desc.csv - Time 11
4351 - [2023-04-16 22:47:53,747] : DEBUG -> Program output: - Time 11
4351 - [2023-04-16 22:47:53,748] : DEBUG -> ---------------------------
4351 - [2023-04-16 22:47:53,749] : DEBUG -> 
 Tempo de Execucao: ---> 0.000290 

4351 - [2023-04-16 22:47:53,750] : DEBUG -> ---------------------------
4351 - [2023-04-16 22:47:53,750] : DEBUG -> Running input: /mnt/e/Backup/Codigos_gerais/8-semestre/Analise_algoritmos/exp_sorting_PRKG/inputs/100desc.csv - Time 12
4351 - [2023-04-16 22:47:53,767] : DEBUG -> Program output: - Time 12
4351 - [2023-04-16 22:47:53,768] : DEBUG -> ---------------------------
4351 - [2023-04-16 22:47:53,768] : DEBUG -> 
 Tempo de Execucao: ---> 0.000290 

4351 - [2023-04-16 22:47:53,769] : DEBUG -> ---------------------------
4351 - [2023-04-16 22:47:53,774] : DEBUG -> Running input: /mnt/e/Backup/Codigos_gerais/8-semestre/Analise_algoritmos/exp_sorting_PRKG/inputs/100ran.csv - Time 0
4351 - [2023-04-16 22:47:53,787] : DEBUG -> Program output: - Time 0
4351 - [2023-04-16 22:47:53,788] : DEBUG -> ---------------------------
4351 - [2023-04-16 22:47:53,789] : DEBUG -> 
 Tempo de Execucao: ---> 0.000100 

4351 - [2023-04-16 22:47:53,789] : DEBUG -> ---------------------------
4351 - [2023-04-16 22:47:53,790] : DEBUG -> Running input: /mnt/e/Backup/Codigos_gerais/8-semestre/Analise_algoritmos/exp_sorting_PRKG/inputs/100ran.csv - Time 1
4351 - [2023-04-16 22:47:53,804] : DEBUG -> Program output: - Time 1
4351 - [2023-04-16 22:47:53,805] : DEBUG -> ---------------------------
4351 - [2023-04-16 22:47:53,805] : DEBUG -> 
 Tempo de Execucao: ---> 0.000100 

4351 - [2023-04-16 22:47:53,806] : DEBUG -> ---------------------------
4351 - [2023-04-16 22:47:53,807] : DEBUG -> Running input: /mnt/e/Backup/Codigos_gerais/8-semestre/Analise_algoritmos/exp_sorting_PRKG/inputs/100ran.csv - Time 2
4351 - [2023-04-16 22:47:53,825] : DEBUG -> Program output: - Time 2
4351 - [2023-04-16 22:47:53,825] : DEBUG -> ---------------------------
4351 - [2023-04-16 22:47:53,826] : DEBUG -> 
 Tempo de Execucao: ---> 0.000220 

4351 - [2023-04-16 22:47:53,827] : DEBUG -> ---------------------------
4351 - [2023-04-16 22:47:53,827] : DEBUG -> Running input: /mnt/e/Backup/Codigos_gerais/8-semestre/Analise_algoritmos/exp_sorting_PRKG/inputs/100ran.csv - Time 3
4351 - [2023-04-16 22:47:53,845] : DEBUG -> Program output: - Time 3
4351 - [2023-04-16 22:47:53,846] : DEBUG -> ---------------------------
4351 - [2023-04-16 22:47:53,846] : DEBUG -> 
 Tempo de Execucao: ---> 0.000210 

4351 - [2023-04-16 22:47:53,847] : DEBUG -> ---------------------------
4351 - [2023-04-16 22:47:53,848] : DEBUG -> Running input: /mnt/e/Backup/Codigos_gerais/8-semestre/Analise_algoritmos/exp_sorting_PRKG/inputs/100ran.csv - Time 4
4351 - [2023-04-16 22:47:53,866] : DEBUG -> Program output: - Time 4
4351 - [2023-04-16 22:47:53,867] : DEBUG -> ---------------------------
4351 - [2023-04-16 22:47:53,868] : DEBUG -> 
 Tempo de Execucao: ---> 0.000200 

4351 - [2023-04-16 22:47:53,868] : DEBUG -> ---------------------------
4351 - [2023-04-16 22:47:53,869] : DEBUG -> Running input: /mnt/e/Backup/Codigos_gerais/8-semestre/Analise_algoritmos/exp_sorting_PRKG/inputs/100ran.csv - Time 5
4351 - [2023-04-16 22:47:53,883] : DEBUG -> Program output: - Time 5
4351 - [2023-04-16 22:47:53,884] : DEBUG -> ---------------------------
4351 - [2023-04-16 22:47:53,885] : DEBUG -> 
 Tempo de Execucao: ---> 0.000100 

4351 - [2023-04-16 22:47:53,885] : DEBUG -> ---------------------------
4351 - [2023-04-16 22:47:53,886] : DEBUG -> Running input: /mnt/e/Backup/Codigos_gerais/8-semestre/Analise_algoritmos/exp_sorting_PRKG/inputs/100ran.csv - Time 6
4351 - [2023-04-16 22:47:53,903] : DEBUG -> Program output: - Time 6
4351 - [2023-04-16 22:47:53,904] : DEBUG -> ---------------------------
4351 - [2023-04-16 22:47:53,904] : DEBUG -> 
 Tempo de Execucao: ---> 0.000090 

4351 - [2023-04-16 22:47:53,905] : DEBUG -> ---------------------------
4351 - [2023-04-16 22:47:53,906] : DEBUG -> Running input: /mnt/e/Backup/Codigos_gerais/8-semestre/Analise_algoritmos/exp_sorting_PRKG/inputs/100ran.csv - Time 7
4351 - [2023-04-16 22:47:53,923] : DEBUG -> Program output: - Time 7
4351 - [2023-04-16 22:47:53,924] : DEBUG -> ---------------------------
4351 - [2023-04-16 22:47:53,924] : DEBUG -> 
 Tempo de Execucao: ---> 0.000200 

4351 - [2023-04-16 22:47:53,925] : DEBUG -> ---------------------------
4351 - [2023-04-16 22:47:53,926] : DEBUG -> Running input: /mnt/e/Backup/Codigos_gerais/8-semestre/Analise_algoritmos/exp_sorting_PRKG/inputs/100ran.csv - Time 8
4351 - [2023-04-16 22:47:53,941] : DEBUG -> Program output: - Time 8
4351 - [2023-04-16 22:47:53,942] : DEBUG -> ---------------------------
4351 - [2023-04-16 22:47:53,943] : DEBUG -> 
 Tempo de Execucao: ---> 0.000070 

4351 - [2023-04-16 22:47:53,944] : DEBUG -> ---------------------------
4351 - [2023-04-16 22:47:53,945] : DEBUG -> Running input: /mnt/e/Backup/Codigos_gerais/8-semestre/Analise_algoritmos/exp_sorting_PRKG/inputs/100ran.csv - Time 9
4351 - [2023-04-16 22:47:53,965] : DEBUG -> Program output: - Time 9
4351 - [2023-04-16 22:47:53,966] : DEBUG -> ---------------------------
4351 - [2023-04-16 22:47:53,967] : DEBUG -> 
 Tempo de Execucao: ---> 0.000090 

4351 - [2023-04-16 22:47:53,968] : DEBUG -> ---------------------------
4351 - [2023-04-16 22:47:53,968] : DEBUG -> Running input: /mnt/e/Backup/Codigos_gerais/8-semestre/Analise_algoritmos/exp_sorting_PRKG/inputs/100ran.csv - Time 10
4351 - [2023-04-16 22:47:53,980] : DEBUG -> Program output: - Time 10
4351 - [2023-04-16 22:47:53,981] : DEBUG -> ---------------------------
4351 - [2023-04-16 22:47:53,982] : DEBUG -> 
 Tempo de Execucao: ---> 0.000090 

4351 - [2023-04-16 22:47:53,982] : DEBUG -> ---------------------------
4351 - [2023-04-16 22:47:53,983] : DEBUG -> Running input: /mnt/e/Backup/Codigos_gerais/8-semestre/Analise_algoritmos/exp_sorting_PRKG/inputs/100ran.csv - Time 11
4351 - [2023-04-16 22:47:53,996] : DEBUG -> Program output: - Time 11
4351 - [2023-04-16 22:47:53,997] : DEBUG -> ---------------------------
4351 - [2023-04-16 22:47:53,998] : DEBUG -> 
 Tempo de Execucao: ---> 0.000090 

4351 - [2023-04-16 22:47:53,999] : DEBUG -> ---------------------------
4351 - [2023-04-16 22:47:54,000] : DEBUG -> Running input: /mnt/e/Backup/Codigos_gerais/8-semestre/Analise_algoritmos/exp_sorting_PRKG/inputs/100ran.csv - Time 12
4351 - [2023-04-16 22:47:54,013] : DEBUG -> Program output: - Time 12
4351 - [2023-04-16 22:47:54,014] : DEBUG -> ---------------------------
4351 - [2023-04-16 22:47:54,015] : DEBUG -> 
 Tempo de Execucao: ---> 0.000090 

4351 - [2023-04-16 22:47:54,016] : DEBUG -> ---------------------------
4351 - [2023-04-16 22:47:54,021] : DEBUG -> Running input: /mnt/e/Backup/Codigos_gerais/8-semestre/Analise_algoritmos/exp_sorting_PRKG/inputs/10kcres.csv - Time 0
4351 - [2023-04-16 22:47:54,360] : DEBUG -> Program output: - Time 0
4351 - [2023-04-16 22:47:54,361] : DEBUG -> ---------------------------
4351 - [2023-04-16 22:47:54,362] : DEBUG -> 
 Tempo de Execucao: ---> 3.226880 

4351 - [2023-04-16 22:47:54,363] : DEBUG -> ---------------------------
4351 - [2023-04-16 22:47:54,364] : DEBUG -> Running input: /mnt/e/Backup/Codigos_gerais/8-semestre/Analise_algoritmos/exp_sorting_PRKG/inputs/10kcres.csv - Time 1
4351 - [2023-04-16 22:47:54,729] : DEBUG -> Program output: - Time 1
4351 - [2023-04-16 22:47:54,730] : DEBUG -> ---------------------------
4351 - [2023-04-16 22:47:54,731] : DEBUG -> 
 Tempo de Execucao: ---> 3.384060 

4351 - [2023-04-16 22:47:54,732] : DEBUG -> ---------------------------
4351 - [2023-04-16 22:47:54,733] : DEBUG -> Running input: /mnt/e/Backup/Codigos_gerais/8-semestre/Analise_algoritmos/exp_sorting_PRKG/inputs/10kcres.csv - Time 2
4351 - [2023-04-16 22:47:55,150] : DEBUG -> Program output: - Time 2
4351 - [2023-04-16 22:47:55,151] : DEBUG -> ---------------------------
4351 - [2023-04-16 22:47:55,151] : DEBUG -> 
 Tempo de Execucao: ---> 3.911320 

4351 - [2023-04-16 22:47:55,152] : DEBUG -> ---------------------------
4351 - [2023-04-16 22:47:55,152] : DEBUG -> Running input: /mnt/e/Backup/Codigos_gerais/8-semestre/Analise_algoritmos/exp_sorting_PRKG/inputs/10kcres.csv - Time 3
4351 - [2023-04-16 22:47:55,515] : DEBUG -> Program output: - Time 3
4351 - [2023-04-16 22:47:55,516] : DEBUG -> ---------------------------
4351 - [2023-04-16 22:47:55,517] : DEBUG -> 
 Tempo de Execucao: ---> 3.462580 

4351 - [2023-04-16 22:47:55,517] : DEBUG -> ---------------------------
4351 - [2023-04-16 22:47:55,518] : DEBUG -> Running input: /mnt/e/Backup/Codigos_gerais/8-semestre/Analise_algoritmos/exp_sorting_PRKG/inputs/10kcres.csv - Time 4
4351 - [2023-04-16 22:47:55,949] : DEBUG -> Program output: - Time 4
4351 - [2023-04-16 22:47:55,950] : DEBUG -> ---------------------------
4351 - [2023-04-16 22:47:55,951] : DEBUG -> 
 Tempo de Execucao: ---> 4.020830 

4351 - [2023-04-16 22:47:55,952] : DEBUG -> ---------------------------
4351 - [2023-04-16 22:47:55,953] : DEBUG -> Running input: /mnt/e/Backup/Codigos_gerais/8-semestre/Analise_algoritmos/exp_sorting_PRKG/inputs/10kcres.csv - Time 5
4351 - [2023-04-16 22:47:56,368] : DEBUG -> Program output: - Time 5
4351 - [2023-04-16 22:47:56,369] : DEBUG -> ---------------------------
4351 - [2023-04-16 22:47:56,370] : DEBUG -> 
 Tempo de Execucao: ---> 3.931090 

4351 - [2023-04-16 22:47:56,371] : DEBUG -> ---------------------------
4351 - [2023-04-16 22:47:56,372] : DEBUG -> Running input: /mnt/e/Backup/Codigos_gerais/8-semestre/Analise_algoritmos/exp_sorting_PRKG/inputs/10kcres.csv - Time 6
4351 - [2023-04-16 22:47:56,855] : DEBUG -> Program output: - Time 6
4351 - [2023-04-16 22:47:56,855] : DEBUG -> ---------------------------
4351 - [2023-04-16 22:47:56,856] : DEBUG -> 
 Tempo de Execucao: ---> 4.555190 

4351 - [2023-04-16 22:47:56,857] : DEBUG -> ---------------------------
4351 - [2023-04-16 22:47:56,858] : DEBUG -> Running input: /mnt/e/Backup/Codigos_gerais/8-semestre/Analise_algoritmos/exp_sorting_PRKG/inputs/10kcres.csv - Time 7
4351 - [2023-04-16 22:47:57,241] : DEBUG -> Program output: - Time 7
4351 - [2023-04-16 22:47:57,242] : DEBUG -> ---------------------------
4351 - [2023-04-16 22:47:57,243] : DEBUG -> 
 Tempo de Execucao: ---> 3.579570 

4351 - [2023-04-16 22:47:57,244] : DEBUG -> ---------------------------
4351 - [2023-04-16 22:47:57,245] : DEBUG -> Running input: /mnt/e/Backup/Codigos_gerais/8-semestre/Analise_algoritmos/exp_sorting_PRKG/inputs/10kcres.csv - Time 8
4351 - [2023-04-16 22:47:57,658] : DEBUG -> Program output: - Time 8
4351 - [2023-04-16 22:47:57,658] : DEBUG -> ---------------------------
4351 - [2023-04-16 22:47:57,659] : DEBUG -> 
 Tempo de Execucao: ---> 3.901140 

4351 - [2023-04-16 22:47:57,659] : DEBUG -> ---------------------------
4351 - [2023-04-16 22:47:57,660] : DEBUG -> Running input: /mnt/e/Backup/Codigos_gerais/8-semestre/Analise_algoritmos/exp_sorting_PRKG/inputs/10kcres.csv - Time 9
4351 - [2023-04-16 22:47:58,060] : DEBUG -> Program output: - Time 9
4351 - [2023-04-16 22:47:58,060] : DEBUG -> ---------------------------
4351 - [2023-04-16 22:47:58,061] : DEBUG -> 
 Tempo de Execucao: ---> 3.833480 

4351 - [2023-04-16 22:47:58,061] : DEBUG -> ---------------------------
4351 - [2023-04-16 22:47:58,062] : DEBUG -> Running input: /mnt/e/Backup/Codigos_gerais/8-semestre/Analise_algoritmos/exp_sorting_PRKG/inputs/10kcres.csv - Time 10
4351 - [2023-04-16 22:47:58,419] : DEBUG -> Program output: - Time 10
4351 - [2023-04-16 22:47:58,420] : DEBUG -> ---------------------------
4351 - [2023-04-16 22:47:58,421] : DEBUG -> 
 Tempo de Execucao: ---> 3.407540 

4351 - [2023-04-16 22:47:58,421] : DEBUG -> ---------------------------
4351 - [2023-04-16 22:47:58,422] : DEBUG -> Running input: /mnt/e/Backup/Codigos_gerais/8-semestre/Analise_algoritmos/exp_sorting_PRKG/inputs/10kcres.csv - Time 11
4351 - [2023-04-16 22:47:58,804] : DEBUG -> Program output: - Time 11
4351 - [2023-04-16 22:47:58,805] : DEBUG -> ---------------------------
4351 - [2023-04-16 22:47:58,805] : DEBUG -> 
 Tempo de Execucao: ---> 3.544510 

4351 - [2023-04-16 22:47:58,806] : DEBUG -> ---------------------------
4351 - [2023-04-16 22:47:58,807] : DEBUG -> Running input: /mnt/e/Backup/Codigos_gerais/8-semestre/Analise_algoritmos/exp_sorting_PRKG/inputs/10kcres.csv - Time 12
4351 - [2023-04-16 22:47:59,155] : DEBUG -> Program output: - Time 12
4351 - [2023-04-16 22:47:59,156] : DEBUG -> ---------------------------
4351 - [2023-04-16 22:47:59,157] : DEBUG -> 
 Tempo de Execucao: ---> 3.224800 

4351 - [2023-04-16 22:47:59,158] : DEBUG -> ---------------------------
4351 - [2023-04-16 22:47:59,165] : DEBUG -> Running input: /mnt/e/Backup/Codigos_gerais/8-semestre/Analise_algoritmos/exp_sorting_PRKG/inputs/10kdesc.csv - Time 0
4351 - [2023-04-16 22:47:59,469] : DEBUG -> Program output: - Time 0
4351 - [2023-04-16 22:47:59,469] : DEBUG -> ---------------------------
4351 - [2023-04-16 22:47:59,470] : DEBUG -> 
 Tempo de Execucao: ---> 2.779790 

4351 - [2023-04-16 22:47:59,470] : DEBUG -> ---------------------------
4351 - [2023-04-16 22:47:59,471] : DEBUG -> Running input: /mnt/e/Backup/Codigos_gerais/8-semestre/Analise_algoritmos/exp_sorting_PRKG/inputs/10kdesc.csv - Time 1
4351 - [2023-04-16 22:47:59,783] : DEBUG -> Program output: - Time 1
4351 - [2023-04-16 22:47:59,784] : DEBUG -> ---------------------------
4351 - [2023-04-16 22:47:59,785] : DEBUG -> 
 Tempo de Execucao: ---> 2.868810 

4351 - [2023-04-16 22:47:59,786] : DEBUG -> ---------------------------
4351 - [2023-04-16 22:47:59,787] : DEBUG -> Running input: /mnt/e/Backup/Codigos_gerais/8-semestre/Analise_algoritmos/exp_sorting_PRKG/inputs/10kdesc.csv - Time 2
4351 - [2023-04-16 22:48:00,087] : DEBUG -> Program output: - Time 2
4351 - [2023-04-16 22:48:00,088] : DEBUG -> ---------------------------
4351 - [2023-04-16 22:48:00,089] : DEBUG -> 
 Tempo de Execucao: ---> 2.701660 

4351 - [2023-04-16 22:48:00,089] : DEBUG -> ---------------------------
4351 - [2023-04-16 22:48:00,090] : DEBUG -> Running input: /mnt/e/Backup/Codigos_gerais/8-semestre/Analise_algoritmos/exp_sorting_PRKG/inputs/10kdesc.csv - Time 3
4351 - [2023-04-16 22:48:00,375] : DEBUG -> Program output: - Time 3
4351 - [2023-04-16 22:48:00,376] : DEBUG -> ---------------------------
4351 - [2023-04-16 22:48:00,377] : DEBUG -> 
 Tempo de Execucao: ---> 2.558760 

4351 - [2023-04-16 22:48:00,378] : DEBUG -> ---------------------------
4351 - [2023-04-16 22:48:00,379] : DEBUG -> Running input: /mnt/e/Backup/Codigos_gerais/8-semestre/Analise_algoritmos/exp_sorting_PRKG/inputs/10kdesc.csv - Time 4
4351 - [2023-04-16 22:48:00,664] : DEBUG -> Program output: - Time 4
4351 - [2023-04-16 22:48:00,665] : DEBUG -> ---------------------------
4351 - [2023-04-16 22:48:00,665] : DEBUG -> 
 Tempo de Execucao: ---> 2.581240 

4351 - [2023-04-16 22:48:00,667] : DEBUG -> ---------------------------
4351 - [2023-04-16 22:48:00,668] : DEBUG -> Running input: /mnt/e/Backup/Codigos_gerais/8-semestre/Analise_algoritmos/exp_sorting_PRKG/inputs/10kdesc.csv - Time 5
4351 - [2023-04-16 22:48:00,945] : DEBUG -> Program output: - Time 5
4351 - [2023-04-16 22:48:00,946] : DEBUG -> ---------------------------
4351 - [2023-04-16 22:48:00,947] : DEBUG -> 
 Tempo de Execucao: ---> 2.506000 

4351 - [2023-04-16 22:48:00,948] : DEBUG -> ---------------------------
4351 - [2023-04-16 22:48:00,949] : DEBUG -> Running input: /mnt/e/Backup/Codigos_gerais/8-semestre/Analise_algoritmos/exp_sorting_PRKG/inputs/10kdesc.csv - Time 6
4351 - [2023-04-16 22:48:01,261] : DEBUG -> Program output: - Time 6
4351 - [2023-04-16 22:48:01,262] : DEBUG -> ---------------------------
4351 - [2023-04-16 22:48:01,263] : DEBUG -> 
 Tempo de Execucao: ---> 2.842330 

4351 - [2023-04-16 22:48:01,264] : DEBUG -> ---------------------------
4351 - [2023-04-16 22:48:01,265] : DEBUG -> Running input: /mnt/e/Backup/Codigos_gerais/8-semestre/Analise_algoritmos/exp_sorting_PRKG/inputs/10kdesc.csv - Time 7
4351 - [2023-04-16 22:48:01,548] : DEBUG -> Program output: - Time 7
4351 - [2023-04-16 22:48:01,549] : DEBUG -> ---------------------------
4351 - [2023-04-16 22:48:01,550] : DEBUG -> 
 Tempo de Execucao: ---> 2.573550 

4351 - [2023-04-16 22:48:01,551] : DEBUG -> ---------------------------
4351 - [2023-04-16 22:48:01,552] : DEBUG -> Running input: /mnt/e/Backup/Codigos_gerais/8-semestre/Analise_algoritmos/exp_sorting_PRKG/inputs/10kdesc.csv - Time 8
4351 - [2023-04-16 22:48:01,862] : DEBUG -> Program output: - Time 8
4351 - [2023-04-16 22:48:01,863] : DEBUG -> ---------------------------
4351 - [2023-04-16 22:48:01,864] : DEBUG -> 
 Tempo de Execucao: ---> 2.843690 

4351 - [2023-04-16 22:48:01,865] : DEBUG -> ---------------------------
4351 - [2023-04-16 22:48:01,866] : DEBUG -> Running input: /mnt/e/Backup/Codigos_gerais/8-semestre/Analise_algoritmos/exp_sorting_PRKG/inputs/10kdesc.csv - Time 9
4351 - [2023-04-16 22:48:02,145] : DEBUG -> Program output: - Time 9
4351 - [2023-04-16 22:48:02,146] : DEBUG -> ---------------------------
4351 - [2023-04-16 22:48:02,147] : DEBUG -> 
 Tempo de Execucao: ---> 2.511710 

4351 - [2023-04-16 22:48:02,148] : DEBUG -> ---------------------------
4351 - [2023-04-16 22:48:02,148] : DEBUG -> Running input: /mnt/e/Backup/Codigos_gerais/8-semestre/Analise_algoritmos/exp_sorting_PRKG/inputs/10kdesc.csv - Time 10
4351 - [2023-04-16 22:48:02,444] : DEBUG -> Program output: - Time 10
4351 - [2023-04-16 22:48:02,445] : DEBUG -> ---------------------------
4351 - [2023-04-16 22:48:02,446] : DEBUG -> 
 Tempo de Execucao: ---> 2.714820 

4351 - [2023-04-16 22:48:02,446] : DEBUG -> ---------------------------
4351 - [2023-04-16 22:48:02,447] : DEBUG -> Running input: /mnt/e/Backup/Codigos_gerais/8-semestre/Analise_algoritmos/exp_sorting_PRKG/inputs/10kdesc.csv - Time 11
4351 - [2023-04-16 22:48:02,723] : DEBUG -> Program output: - Time 11
4351 - [2023-04-16 22:48:02,725] : DEBUG -> ---------------------------
4351 - [2023-04-16 22:48:02,726] : DEBUG -> 
 Tempo de Execucao: ---> 2.538960 

4351 - [2023-04-16 22:48:02,727] : DEBUG -> ---------------------------
4351 - [2023-04-16 22:48:02,728] : DEBUG -> Running input: /mnt/e/Backup/Codigos_gerais/8-semestre/Analise_algoritmos/exp_sorting_PRKG/inputs/10kdesc.csv - Time 12
4351 - [2023-04-16 22:48:03,027] : DEBUG -> Program output: - Time 12
4351 - [2023-04-16 22:48:03,028] : DEBUG -> ---------------------------
4351 - [2023-04-16 22:48:03,028] : DEBUG -> 
 Tempo de Execucao: ---> 2.749180 

4351 - [2023-04-16 22:48:03,029] : DEBUG -> ---------------------------
4351 - [2023-04-16 22:48:03,035] : DEBUG -> Running input: /mnt/e/Backup/Codigos_gerais/8-semestre/Analise_algoritmos/exp_sorting_PRKG/inputs/10kran.csv - Time 0
4351 - [2023-04-16 22:48:03,060] : DEBUG -> Program output: - Time 0
4351 - [2023-04-16 22:48:03,061] : DEBUG -> ---------------------------
4351 - [2023-04-16 22:48:03,062] : DEBUG -> 
 Tempo de Execucao: ---> 0.016840 

4351 - [2023-04-16 22:48:03,062] : DEBUG -> ---------------------------
4351 - [2023-04-16 22:48:03,063] : DEBUG -> Running input: /mnt/e/Backup/Codigos_gerais/8-semestre/Analise_algoritmos/exp_sorting_PRKG/inputs/10kran.csv - Time 1
4351 - [2023-04-16 22:48:03,089] : DEBUG -> Program output: - Time 1
4351 - [2023-04-16 22:48:03,089] : DEBUG -> ---------------------------
4351 - [2023-04-16 22:48:03,090] : DEBUG -> 
 Tempo de Execucao: ---> 0.016410 

4351 - [2023-04-16 22:48:03,091] : DEBUG -> ---------------------------
4351 - [2023-04-16 22:48:03,091] : DEBUG -> Running input: /mnt/e/Backup/Codigos_gerais/8-semestre/Analise_algoritmos/exp_sorting_PRKG/inputs/10kran.csv - Time 2
4351 - [2023-04-16 22:48:03,114] : DEBUG -> Program output: - Time 2
4351 - [2023-04-16 22:48:03,115] : DEBUG -> ---------------------------
4351 - [2023-04-16 22:48:03,116] : DEBUG -> 
 Tempo de Execucao: ---> 0.016520 

4351 - [2023-04-16 22:48:03,117] : DEBUG -> ---------------------------
4351 - [2023-04-16 22:48:03,117] : DEBUG -> Running input: /mnt/e/Backup/Codigos_gerais/8-semestre/Analise_algoritmos/exp_sorting_PRKG/inputs/10kran.csv - Time 3
4351 - [2023-04-16 22:48:03,145] : DEBUG -> Program output: - Time 3
4351 - [2023-04-16 22:48:03,146] : DEBUG -> ---------------------------
4351 - [2023-04-16 22:48:03,146] : DEBUG -> 
 Tempo de Execucao: ---> 0.034820 

4351 - [2023-04-16 22:48:03,147] : DEBUG -> ---------------------------
4351 - [2023-04-16 22:48:03,148] : DEBUG -> Running input: /mnt/e/Backup/Codigos_gerais/8-semestre/Analise_algoritmos/exp_sorting_PRKG/inputs/10kran.csv - Time 4
4351 - [2023-04-16 22:48:03,175] : DEBUG -> Program output: - Time 4
4351 - [2023-04-16 22:48:03,176] : DEBUG -> ---------------------------
4351 - [2023-04-16 22:48:03,177] : DEBUG -> 
 Tempo de Execucao: ---> 0.025800 

4351 - [2023-04-16 22:48:03,178] : DEBUG -> ---------------------------
4351 - [2023-04-16 22:48:03,179] : DEBUG -> Running input: /mnt/e/Backup/Codigos_gerais/8-semestre/Analise_algoritmos/exp_sorting_PRKG/inputs/10kran.csv - Time 5
4351 - [2023-04-16 22:48:03,201] : DEBUG -> Program output: - Time 5
4351 - [2023-04-16 22:48:03,202] : DEBUG -> ---------------------------
4351 - [2023-04-16 22:48:03,203] : DEBUG -> 
 Tempo de Execucao: ---> 0.017200 

4351 - [2023-04-16 22:48:03,203] : DEBUG -> ---------------------------
4351 - [2023-04-16 22:48:03,204] : DEBUG -> Running input: /mnt/e/Backup/Codigos_gerais/8-semestre/Analise_algoritmos/exp_sorting_PRKG/inputs/10kran.csv - Time 6
4351 - [2023-04-16 22:48:03,227] : DEBUG -> Program output: - Time 6
4351 - [2023-04-16 22:48:03,227] : DEBUG -> ---------------------------
4351 - [2023-04-16 22:48:03,228] : DEBUG -> 
 Tempo de Execucao: ---> 0.017610 

4351 - [2023-04-16 22:48:03,229] : DEBUG -> ---------------------------
4351 - [2023-04-16 22:48:03,229] : DEBUG -> Running input: /mnt/e/Backup/Codigos_gerais/8-semestre/Analise_algoritmos/exp_sorting_PRKG/inputs/10kran.csv - Time 7
4351 - [2023-04-16 22:48:03,250] : DEBUG -> Program output: - Time 7
4351 - [2023-04-16 22:48:03,251] : DEBUG -> ---------------------------
4351 - [2023-04-16 22:48:03,252] : DEBUG -> 
 Tempo de Execucao: ---> 0.016840 

4351 - [2023-04-16 22:48:03,253] : DEBUG -> ---------------------------
4351 - [2023-04-16 22:48:03,253] : DEBUG -> Running input: /mnt/e/Backup/Codigos_gerais/8-semestre/Analise_algoritmos/exp_sorting_PRKG/inputs/10kran.csv - Time 8
4351 - [2023-04-16 22:48:03,276] : DEBUG -> Program output: - Time 8
4351 - [2023-04-16 22:48:03,277] : DEBUG -> ---------------------------
4351 - [2023-04-16 22:48:03,277] : DEBUG -> 
 Tempo de Execucao: ---> 0.016680 

4351 - [2023-04-16 22:48:03,278] : DEBUG -> ---------------------------
4351 - [2023-04-16 22:48:03,279] : DEBUG -> Running input: /mnt/e/Backup/Codigos_gerais/8-semestre/Analise_algoritmos/exp_sorting_PRKG/inputs/10kran.csv - Time 9
4351 - [2023-04-16 22:48:03,301] : DEBUG -> Program output: - Time 9
4351 - [2023-04-16 22:48:03,302] : DEBUG -> ---------------------------
4351 - [2023-04-16 22:48:03,302] : DEBUG -> 
 Tempo de Execucao: ---> 0.016770 

4351 - [2023-04-16 22:48:03,303] : DEBUG -> ---------------------------
4351 - [2023-04-16 22:48:03,304] : DEBUG -> Running input: /mnt/e/Backup/Codigos_gerais/8-semestre/Analise_algoritmos/exp_sorting_PRKG/inputs/10kran.csv - Time 10
4351 - [2023-04-16 22:48:03,329] : DEBUG -> Program output: - Time 10
4351 - [2023-04-16 22:48:03,330] : DEBUG -> ---------------------------
4351 - [2023-04-16 22:48:03,330] : DEBUG -> 
 Tempo de Execucao: ---> 0.017420 

4351 - [2023-04-16 22:48:03,331] : DEBUG -> ---------------------------
4351 - [2023-04-16 22:48:03,331] : DEBUG -> Running input: /mnt/e/Backup/Codigos_gerais/8-semestre/Analise_algoritmos/exp_sorting_PRKG/inputs/10kran.csv - Time 11
4351 - [2023-04-16 22:48:03,348] : DEBUG -> Program output: - Time 11
4351 - [2023-04-16 22:48:03,349] : DEBUG -> ---------------------------
4351 - [2023-04-16 22:48:03,349] : DEBUG -> 
 Tempo de Execucao: ---> 0.017350 

4351 - [2023-04-16 22:48:03,350] : DEBUG -> ---------------------------
4351 - [2023-04-16 22:48:03,351] : DEBUG -> Running input: /mnt/e/Backup/Codigos_gerais/8-semestre/Analise_algoritmos/exp_sorting_PRKG/inputs/10kran.csv - Time 12
4351 - [2023-04-16 22:48:03,368] : DEBUG -> Program output: - Time 12
4351 - [2023-04-16 22:48:03,368] : DEBUG -> ---------------------------
4351 - [2023-04-16 22:48:03,369] : DEBUG -> 
 Tempo de Execucao: ---> 0.017360 

4351 - [2023-04-16 22:48:03,369] : DEBUG -> ---------------------------
4351 - [2023-04-16 22:48:03,374] : DEBUG -> Running input: /mnt/e/Backup/Codigos_gerais/8-semestre/Analise_algoritmos/exp_sorting_PRKG/inputs/1kcres.csv - Time 0
4351 - [2023-04-16 22:48:03,391] : DEBUG -> Program output: - Time 0
4351 - [2023-04-16 22:48:03,392] : DEBUG -> ---------------------------
4351 - [2023-04-16 22:48:03,393] : DEBUG -> 
 Tempo de Execucao: ---> 0.037350 

4351 - [2023-04-16 22:48:03,393] : DEBUG -> ---------------------------
4351 - [2023-04-16 22:48:03,394] : DEBUG -> Running input: /mnt/e/Backup/Codigos_gerais/8-semestre/Analise_algoritmos/exp_sorting_PRKG/inputs/1kcres.csv - Time 1
4351 - [2023-04-16 22:48:03,412] : DEBUG -> Program output: - Time 1
4351 - [2023-04-16 22:48:03,413] : DEBUG -> ---------------------------
4351 - [2023-04-16 22:48:03,414] : DEBUG -> 
 Tempo de Execucao: ---> 0.036440 

4351 - [2023-04-16 22:48:03,415] : DEBUG -> ---------------------------
4351 - [2023-04-16 22:48:03,416] : DEBUG -> Running input: /mnt/e/Backup/Codigos_gerais/8-semestre/Analise_algoritmos/exp_sorting_PRKG/inputs/1kcres.csv - Time 2
4351 - [2023-04-16 22:48:03,439] : DEBUG -> Program output: - Time 2
4351 - [2023-04-16 22:48:03,440] : DEBUG -> ---------------------------
4351 - [2023-04-16 22:48:03,440] : DEBUG -> 
 Tempo de Execucao: ---> 0.049910 

4351 - [2023-04-16 22:48:03,441] : DEBUG -> ---------------------------
4351 - [2023-04-16 22:48:03,442] : DEBUG -> Running input: /mnt/e/Backup/Codigos_gerais/8-semestre/Analise_algoritmos/exp_sorting_PRKG/inputs/1kcres.csv - Time 3
4351 - [2023-04-16 22:48:03,464] : DEBUG -> Program output: - Time 3
4351 - [2023-04-16 22:48:03,465] : DEBUG -> ---------------------------
4351 - [2023-04-16 22:48:03,466] : DEBUG -> 
 Tempo de Execucao: ---> 0.046410 

4351 - [2023-04-16 22:48:03,467] : DEBUG -> ---------------------------
4351 - [2023-04-16 22:48:03,467] : DEBUG -> Running input: /mnt/e/Backup/Codigos_gerais/8-semestre/Analise_algoritmos/exp_sorting_PRKG/inputs/1kcres.csv - Time 4
4351 - [2023-04-16 22:48:03,487] : DEBUG -> Program output: - Time 4
4351 - [2023-04-16 22:48:03,488] : DEBUG -> ---------------------------
4351 - [2023-04-16 22:48:03,489] : DEBUG -> 
 Tempo de Execucao: ---> 0.037070 

4351 - [2023-04-16 22:48:03,489] : DEBUG -> ---------------------------
4351 - [2023-04-16 22:48:03,490] : DEBUG -> Running input: /mnt/e/Backup/Codigos_gerais/8-semestre/Analise_algoritmos/exp_sorting_PRKG/inputs/1kcres.csv - Time 5
4351 - [2023-04-16 22:48:03,508] : DEBUG -> Program output: - Time 5
4351 - [2023-04-16 22:48:03,509] : DEBUG -> ---------------------------
4351 - [2023-04-16 22:48:03,510] : DEBUG -> 
 Tempo de Execucao: ---> 0.037270 

4351 - [2023-04-16 22:48:03,510] : DEBUG -> ---------------------------
4351 - [2023-04-16 22:48:03,511] : DEBUG -> Running input: /mnt/e/Backup/Codigos_gerais/8-semestre/Analise_algoritmos/exp_sorting_PRKG/inputs/1kcres.csv - Time 6
4351 - [2023-04-16 22:48:03,530] : DEBUG -> Program output: - Time 6
4351 - [2023-04-16 22:48:03,531] : DEBUG -> ---------------------------
4351 - [2023-04-16 22:48:03,532] : DEBUG -> 
 Tempo de Execucao: ---> 0.038050 

4351 - [2023-04-16 22:48:03,532] : DEBUG -> ---------------------------
4351 - [2023-04-16 22:48:03,533] : DEBUG -> Running input: /mnt/e/Backup/Codigos_gerais/8-semestre/Analise_algoritmos/exp_sorting_PRKG/inputs/1kcres.csv - Time 7
4351 - [2023-04-16 22:48:03,553] : DEBUG -> Program output: - Time 7
4351 - [2023-04-16 22:48:03,554] : DEBUG -> ---------------------------
4351 - [2023-04-16 22:48:03,555] : DEBUG -> 
 Tempo de Execucao: ---> 0.034820 

4351 - [2023-04-16 22:48:03,555] : DEBUG -> ---------------------------
4351 - [2023-04-16 22:48:03,556] : DEBUG -> Running input: /mnt/e/Backup/Codigos_gerais/8-semestre/Analise_algoritmos/exp_sorting_PRKG/inputs/1kcres.csv - Time 8
4351 - [2023-04-16 22:48:03,572] : DEBUG -> Program output: - Time 8
4351 - [2023-04-16 22:48:03,573] : DEBUG -> ---------------------------
4351 - [2023-04-16 22:48:03,573] : DEBUG -> 
 Tempo de Execucao: ---> 0.036070 

4351 - [2023-04-16 22:48:03,574] : DEBUG -> ---------------------------
4351 - [2023-04-16 22:48:03,574] : DEBUG -> Running input: /mnt/e/Backup/Codigos_gerais/8-semestre/Analise_algoritmos/exp_sorting_PRKG/inputs/1kcres.csv - Time 9
4351 - [2023-04-16 22:48:03,594] : DEBUG -> Program output: - Time 9
4351 - [2023-04-16 22:48:03,595] : DEBUG -> ---------------------------
4351 - [2023-04-16 22:48:03,596] : DEBUG -> 
 Tempo de Execucao: ---> 0.037240 

4351 - [2023-04-16 22:48:03,596] : DEBUG -> ---------------------------
4351 - [2023-04-16 22:48:03,597] : DEBUG -> Running input: /mnt/e/Backup/Codigos_gerais/8-semestre/Analise_algoritmos/exp_sorting_PRKG/inputs/1kcres.csv - Time 10
4351 - [2023-04-16 22:48:03,623] : DEBUG -> Program output: - Time 10
4351 - [2023-04-16 22:48:03,623] : DEBUG -> ---------------------------
4351 - [2023-04-16 22:48:03,624] : DEBUG -> 
 Tempo de Execucao: ---> 0.081490 

4351 - [2023-04-16 22:48:03,624] : DEBUG -> ---------------------------
4351 - [2023-04-16 22:48:03,625] : DEBUG -> Running input: /mnt/e/Backup/Codigos_gerais/8-semestre/Analise_algoritmos/exp_sorting_PRKG/inputs/1kcres.csv - Time 11
4351 - [2023-04-16 22:48:03,643] : DEBUG -> Program output: - Time 11
4351 - [2023-04-16 22:48:03,644] : DEBUG -> ---------------------------
4351 - [2023-04-16 22:48:03,644] : DEBUG -> 
 Tempo de Execucao: ---> 0.037080 

4351 - [2023-04-16 22:48:03,645] : DEBUG -> ---------------------------
4351 - [2023-04-16 22:48:03,645] : DEBUG -> Running input: /mnt/e/Backup/Codigos_gerais/8-semestre/Analise_algoritmos/exp_sorting_PRKG/inputs/1kcres.csv - Time 12
4351 - [2023-04-16 22:48:03,665] : DEBUG -> Program output: - Time 12
4351 - [2023-04-16 22:48:03,666] : DEBUG -> ---------------------------
4351 - [2023-04-16 22:48:03,666] : DEBUG -> 
 Tempo de Execucao: ---> 0.035430 

4351 - [2023-04-16 22:48:03,667] : DEBUG -> ---------------------------
4351 - [2023-04-16 22:48:03,671] : DEBUG -> Running input: /mnt/e/Backup/Codigos_gerais/8-semestre/Analise_algoritmos/exp_sorting_PRKG/inputs/1kdesc.csv - Time 0
4351 - [2023-04-16 22:48:03,690] : DEBUG -> Program output: - Time 0
4351 - [2023-04-16 22:48:03,691] : DEBUG -> ---------------------------
4351 - [2023-04-16 22:48:03,691] : DEBUG -> 
 Tempo de Execucao: ---> 0.025890 

4351 - [2023-04-16 22:48:03,692] : DEBUG -> ---------------------------
4351 - [2023-04-16 22:48:03,693] : DEBUG -> Running input: /mnt/e/Backup/Codigos_gerais/8-semestre/Analise_algoritmos/exp_sorting_PRKG/inputs/1kdesc.csv - Time 1
4351 - [2023-04-16 22:48:03,709] : DEBUG -> Program output: - Time 1
4351 - [2023-04-16 22:48:03,709] : DEBUG -> ---------------------------
4351 - [2023-04-16 22:48:03,710] : DEBUG -> 
 Tempo de Execucao: ---> 0.026100 

4351 - [2023-04-16 22:48:03,711] : DEBUG -> ---------------------------
4351 - [2023-04-16 22:48:03,711] : DEBUG -> Running input: /mnt/e/Backup/Codigos_gerais/8-semestre/Analise_algoritmos/exp_sorting_PRKG/inputs/1kdesc.csv - Time 2
4351 - [2023-04-16 22:48:03,728] : DEBUG -> Program output: - Time 2
4351 - [2023-04-16 22:48:03,728] : DEBUG -> ---------------------------
4351 - [2023-04-16 22:48:03,729] : DEBUG -> 
 Tempo de Execucao: ---> 0.025980 

4351 - [2023-04-16 22:48:03,730] : DEBUG -> ---------------------------
4351 - [2023-04-16 22:48:03,730] : DEBUG -> Running input: /mnt/e/Backup/Codigos_gerais/8-semestre/Analise_algoritmos/exp_sorting_PRKG/inputs/1kdesc.csv - Time 3
4351 - [2023-04-16 22:48:03,748] : DEBUG -> Program output: - Time 3
4351 - [2023-04-16 22:48:03,748] : DEBUG -> ---------------------------
4351 - [2023-04-16 22:48:03,749] : DEBUG -> 
 Tempo de Execucao: ---> 0.026160 

4351 - [2023-04-16 22:48:03,749] : DEBUG -> ---------------------------
4351 - [2023-04-16 22:48:03,750] : DEBUG -> Running input: /mnt/e/Backup/Codigos_gerais/8-semestre/Analise_algoritmos/exp_sorting_PRKG/inputs/1kdesc.csv - Time 4
4351 - [2023-04-16 22:48:03,768] : DEBUG -> Program output: - Time 4
4351 - [2023-04-16 22:48:03,769] : DEBUG -> ---------------------------
4351 - [2023-04-16 22:48:03,769] : DEBUG -> 
 Tempo de Execucao: ---> 0.025470 

4351 - [2023-04-16 22:48:03,770] : DEBUG -> ---------------------------
4351 - [2023-04-16 22:48:03,770] : DEBUG -> Running input: /mnt/e/Backup/Codigos_gerais/8-semestre/Analise_algoritmos/exp_sorting_PRKG/inputs/1kdesc.csv - Time 5
4351 - [2023-04-16 22:48:03,787] : DEBUG -> Program output: - Time 5
4351 - [2023-04-16 22:48:03,788] : DEBUG -> ---------------------------
4351 - [2023-04-16 22:48:03,789] : DEBUG -> 
 Tempo de Execucao: ---> 0.025350 

4351 - [2023-04-16 22:48:03,790] : DEBUG -> ---------------------------
4351 - [2023-04-16 22:48:03,790] : DEBUG -> Running input: /mnt/e/Backup/Codigos_gerais/8-semestre/Analise_algoritmos/exp_sorting_PRKG/inputs/1kdesc.csv - Time 6
4351 - [2023-04-16 22:48:03,810] : DEBUG -> Program output: - Time 6
4351 - [2023-04-16 22:48:03,811] : DEBUG -> ---------------------------
4351 - [2023-04-16 22:48:03,812] : DEBUG -> 
 Tempo de Execucao: ---> 0.026440 

4351 - [2023-04-16 22:48:03,812] : DEBUG -> ---------------------------
4351 - [2023-04-16 22:48:03,813] : DEBUG -> Running input: /mnt/e/Backup/Codigos_gerais/8-semestre/Analise_algoritmos/exp_sorting_PRKG/inputs/1kdesc.csv - Time 7
4351 - [2023-04-16 22:48:03,831] : DEBUG -> Program output: - Time 7
4351 - [2023-04-16 22:48:03,831] : DEBUG -> ---------------------------
4351 - [2023-04-16 22:48:03,832] : DEBUG -> 
 Tempo de Execucao: ---> 0.025550 

4351 - [2023-04-16 22:48:03,832] : DEBUG -> ---------------------------
4351 - [2023-04-16 22:48:03,833] : DEBUG -> Running input: /mnt/e/Backup/Codigos_gerais/8-semestre/Analise_algoritmos/exp_sorting_PRKG/inputs/1kdesc.csv - Time 8
4351 - [2023-04-16 22:48:03,851] : DEBUG -> Program output: - Time 8
4351 - [2023-04-16 22:48:03,852] : DEBUG -> ---------------------------
4351 - [2023-04-16 22:48:03,852] : DEBUG -> 
 Tempo de Execucao: ---> 0.025320 

4351 - [2023-04-16 22:48:03,853] : DEBUG -> ---------------------------
4351 - [2023-04-16 22:48:03,854] : DEBUG -> Running input: /mnt/e/Backup/Codigos_gerais/8-semestre/Analise_algoritmos/exp_sorting_PRKG/inputs/1kdesc.csv - Time 9
4351 - [2023-04-16 22:48:03,870] : DEBUG -> Program output: - Time 9
4351 - [2023-04-16 22:48:03,871] : DEBUG -> ---------------------------
4351 - [2023-04-16 22:48:03,871] : DEBUG -> 
 Tempo de Execucao: ---> 0.027490 

4351 - [2023-04-16 22:48:03,872] : DEBUG -> ---------------------------
4351 - [2023-04-16 22:48:03,873] : DEBUG -> Running input: /mnt/e/Backup/Codigos_gerais/8-semestre/Analise_algoritmos/exp_sorting_PRKG/inputs/1kdesc.csv - Time 10
4351 - [2023-04-16 22:48:03,890] : DEBUG -> Program output: - Time 10
4351 - [2023-04-16 22:48:03,891] : DEBUG -> ---------------------------
4351 - [2023-04-16 22:48:03,892] : DEBUG -> 
 Tempo de Execucao: ---> 0.025830 

4351 - [2023-04-16 22:48:03,893] : DEBUG -> ---------------------------
4351 - [2023-04-16 22:48:03,894] : DEBUG -> Running input: /mnt/e/Backup/Codigos_gerais/8-semestre/Analise_algoritmos/exp_sorting_PRKG/inputs/1kdesc.csv - Time 11
4351 - [2023-04-16 22:48:03,915] : DEBUG -> Program output: - Time 11
4351 - [2023-04-16 22:48:03,916] : DEBUG -> ---------------------------
4351 - [2023-04-16 22:48:03,916] : DEBUG -> 
 Tempo de Execucao: ---> 0.055250 

4351 - [2023-04-16 22:48:03,917] : DEBUG -> ---------------------------
4351 - [2023-04-16 22:48:03,917] : DEBUG -> Running input: /mnt/e/Backup/Codigos_gerais/8-semestre/Analise_algoritmos/exp_sorting_PRKG/inputs/1kdesc.csv - Time 12
4351 - [2023-04-16 22:48:03,936] : DEBUG -> Program output: - Time 12
4351 - [2023-04-16 22:48:03,936] : DEBUG -> ---------------------------
4351 - [2023-04-16 22:48:03,937] : DEBUG -> 
 Tempo de Execucao: ---> 0.027260 

4351 - [2023-04-16 22:48:03,938] : DEBUG -> ---------------------------
4351 - [2023-04-16 22:48:03,943] : DEBUG -> Running input: /mnt/e/Backup/Codigos_gerais/8-semestre/Analise_algoritmos/exp_sorting_PRKG/inputs/1kran.csv - Time 0
4351 - [2023-04-16 22:48:03,958] : DEBUG -> Program output: - Time 0
4351 - [2023-04-16 22:48:03,958] : DEBUG -> ---------------------------
4351 - [2023-04-16 22:48:03,959] : DEBUG -> 
 Tempo de Execucao: ---> 0.001350 

4351 - [2023-04-16 22:48:03,960] : DEBUG -> ---------------------------
4351 - [2023-04-16 22:48:03,960] : DEBUG -> Running input: /mnt/e/Backup/Codigos_gerais/8-semestre/Analise_algoritmos/exp_sorting_PRKG/inputs/1kran.csv - Time 1
4351 - [2023-04-16 22:48:03,977] : DEBUG -> Program output: - Time 1
4351 - [2023-04-16 22:48:03,977] : DEBUG -> ---------------------------
4351 - [2023-04-16 22:48:03,978] : DEBUG -> 
 Tempo de Execucao: ---> 0.001170 

4351 - [2023-04-16 22:48:03,979] : DEBUG -> ---------------------------
4351 - [2023-04-16 22:48:03,979] : DEBUG -> Running input: /mnt/e/Backup/Codigos_gerais/8-semestre/Analise_algoritmos/exp_sorting_PRKG/inputs/1kran.csv - Time 2
4351 - [2023-04-16 22:48:03,995] : DEBUG -> Program output: - Time 2
4351 - [2023-04-16 22:48:03,996] : DEBUG -> ---------------------------
4351 - [2023-04-16 22:48:03,997] : DEBUG -> 
 Tempo de Execucao: ---> 0.001740 

4351 - [2023-04-16 22:48:03,998] : DEBUG -> ---------------------------
4351 - [2023-04-16 22:48:03,999] : DEBUG -> Running input: /mnt/e/Backup/Codigos_gerais/8-semestre/Analise_algoritmos/exp_sorting_PRKG/inputs/1kran.csv - Time 3
4351 - [2023-04-16 22:48:04,014] : DEBUG -> Program output: - Time 3
4351 - [2023-04-16 22:48:04,015] : DEBUG -> ---------------------------
4351 - [2023-04-16 22:48:04,016] : DEBUG -> 
 Tempo de Execucao: ---> 0.001350 

4351 - [2023-04-16 22:48:04,017] : DEBUG -> ---------------------------
4351 - [2023-04-16 22:48:04,017] : DEBUG -> Running input: /mnt/e/Backup/Codigos_gerais/8-semestre/Analise_algoritmos/exp_sorting_PRKG/inputs/1kran.csv - Time 4
4351 - [2023-04-16 22:48:04,032] : DEBUG -> Program output: - Time 4
4351 - [2023-04-16 22:48:04,032] : DEBUG -> ---------------------------
4351 - [2023-04-16 22:48:04,033] : DEBUG -> 
 Tempo de Execucao: ---> 0.001190 

4351 - [2023-04-16 22:48:04,033] : DEBUG -> ---------------------------
4351 - [2023-04-16 22:48:04,034] : DEBUG -> Running input: /mnt/e/Backup/Codigos_gerais/8-semestre/Analise_algoritmos/exp_sorting_PRKG/inputs/1kran.csv - Time 5
4351 - [2023-04-16 22:48:04,050] : DEBUG -> Program output: - Time 5
4351 - [2023-04-16 22:48:04,050] : DEBUG -> ---------------------------
4351 - [2023-04-16 22:48:04,051] : DEBUG -> 
 Tempo de Execucao: ---> 0.001190 

4351 - [2023-04-16 22:48:04,051] : DEBUG -> ---------------------------
4351 - [2023-04-16 22:48:04,052] : DEBUG -> Running input: /mnt/e/Backup/Codigos_gerais/8-semestre/Analise_algoritmos/exp_sorting_PRKG/inputs/1kran.csv - Time 6
4351 - [2023-04-16 22:48:04,067] : DEBUG -> Program output: - Time 6
4351 - [2023-04-16 22:48:04,067] : DEBUG -> ---------------------------
4351 - [2023-04-16 22:48:04,068] : DEBUG -> 
 Tempo de Execucao: ---> 0.001190 

4351 - [2023-04-16 22:48:04,069] : DEBUG -> ---------------------------
4351 - [2023-04-16 22:48:04,069] : DEBUG -> Running input: /mnt/e/Backup/Codigos_gerais/8-semestre/Analise_algoritmos/exp_sorting_PRKG/inputs/1kran.csv - Time 7
4351 - [2023-04-16 22:48:04,084] : DEBUG -> Program output: - Time 7
4351 - [2023-04-16 22:48:04,084] : DEBUG -> ---------------------------
4351 - [2023-04-16 22:48:04,085] : DEBUG -> 
 Tempo de Execucao: ---> 0.001780 

4351 - [2023-04-16 22:48:04,085] : DEBUG -> ---------------------------
4351 - [2023-04-16 22:48:04,086] : DEBUG -> Running input: /mnt/e/Backup/Codigos_gerais/8-semestre/Analise_algoritmos/exp_sorting_PRKG/inputs/1kran.csv - Time 8
4351 - [2023-04-16 22:48:04,099] : DEBUG -> Program output: - Time 8
4351 - [2023-04-16 22:48:04,100] : DEBUG -> ---------------------------
4351 - [2023-04-16 22:48:04,100] : DEBUG -> 
 Tempo de Execucao: ---> 0.001000 

4351 - [2023-04-16 22:48:04,101] : DEBUG -> ---------------------------
4351 - [2023-04-16 22:48:04,102] : DEBUG -> Running input: /mnt/e/Backup/Codigos_gerais/8-semestre/Analise_algoritmos/exp_sorting_PRKG/inputs/1kran.csv - Time 9
4351 - [2023-04-16 22:48:04,115] : DEBUG -> Program output: - Time 9
4351 - [2023-04-16 22:48:04,116] : DEBUG -> ---------------------------
4351 - [2023-04-16 22:48:04,117] : DEBUG -> 
 Tempo de Execucao: ---> 0.001110 

4351 - [2023-04-16 22:48:04,117] : DEBUG -> ---------------------------
4351 - [2023-04-16 22:48:04,118] : DEBUG -> Running input: /mnt/e/Backup/Codigos_gerais/8-semestre/Analise_algoritmos/exp_sorting_PRKG/inputs/1kran.csv - Time 10
4351 - [2023-04-16 22:48:04,134] : DEBUG -> Program output: - Time 10
4351 - [2023-04-16 22:48:04,135] : DEBUG -> ---------------------------
4351 - [2023-04-16 22:48:04,135] : DEBUG -> 
 Tempo de Execucao: ---> 0.001200 

4351 - [2023-04-16 22:48:04,136] : DEBUG -> ---------------------------
4351 - [2023-04-16 22:48:04,136] : DEBUG -> Running input: /mnt/e/Backup/Codigos_gerais/8-semestre/Analise_algoritmos/exp_sorting_PRKG/inputs/1kran.csv - Time 11
4351 - [2023-04-16 22:48:04,152] : DEBUG -> Program output: - Time 11
4351 - [2023-04-16 22:48:04,152] : DEBUG -> ---------------------------
4351 - [2023-04-16 22:48:04,153] : DEBUG -> 
 Tempo de Execucao: ---> 0.001190 

4351 - [2023-04-16 22:48:04,154] : DEBUG -> ---------------------------
4351 - [2023-04-16 22:48:04,154] : DEBUG -> Running input: /mnt/e/Backup/Codigos_gerais/8-semestre/Analise_algoritmos/exp_sorting_PRKG/inputs/1kran.csv - Time 12
4351 - [2023-04-16 22:48:04,169] : DEBUG -> Program output: - Time 12
4351 - [2023-04-16 22:48:04,170] : DEBUG -> ---------------------------
4351 - [2023-04-16 22:48:04,171] : DEBUG -> 
 Tempo de Execucao: ---> 0.003150 

4351 - [2023-04-16 22:48:04,172] : DEBUG -> ---------------------------
4351 - [2023-04-16 22:48:04,176] : DEBUG -> Running input: /mnt/e/Backup/Codigos_gerais/8-semestre/Analise_algoritmos/exp_sorting_PRKG/inputs/500kcres.csv - Time 0
