2866 - [2023-04-12 10:38:49,489] : DEBUG -> Experiment script executed
2866 - [2023-04-12 10:38:49,490] : DEBUG -> Listing input files to the program
2866 - [2023-04-12 10:38:49,498] : DEBUG -> Running the program with each input 13 times
2866 - [2023-04-12 10:38:49,504] : DEBUG -> Running input: /mnt/c/Users/silva/OneDrive/Área de Trabalho/exp_sorting_PRKG/code/inputs/city12.tsp - Time 0
2866 - [2023-04-12 10:38:49,516] : DEBUG -> Program output: - Time 0
2866 - [2023-04-12 10:38:49,517] : DEBUG -> ---------------------------
2866 - [2023-04-12 10:38:49,518] : DEBUG -> Uso: ./otimo <arquivo>

2866 - [2023-04-12 10:38:49,519] : DEBUG -> ---------------------------
2866 - [2023-04-12 10:38:49,520] : DEBUG -> Running input: /mnt/c/Users/silva/OneDrive/Área de Trabalho/exp_sorting_PRKG/code/inputs/city12.tsp - Time 1
2866 - [2023-04-12 10:38:49,530] : DEBUG -> Program output: - Time 1
2866 - [2023-04-12 10:38:49,531] : DEBUG -> ---------------------------
2866 - [2023-04-12 10:38:49,532] : DEBUG -> Uso: ./otimo <arquivo>

2866 - [2023-04-12 10:38:49,533] : DEBUG -> ---------------------------
2866 - [2023-04-12 10:38:49,534] : DEBUG -> Running input: /mnt/c/Users/silva/OneDrive/Área de Trabalho/exp_sorting_PRKG/code/inputs/city12.tsp - Time 2
2866 - [2023-04-12 10:38:49,544] : DEBUG -> Program output: - Time 2
2866 - [2023-04-12 10:38:49,545] : DEBUG -> ---------------------------
2866 - [2023-04-12 10:38:49,546] : DEBUG -> Uso: ./otimo <arquivo>

2866 - [2023-04-12 10:38:49,547] : DEBUG -> ---------------------------
2866 - [2023-04-12 10:38:49,548] : DEBUG -> Running input: /mnt/c/Users/silva/OneDrive/Área de Trabalho/exp_sorting_PRKG/code/inputs/city12.tsp - Time 3
2866 - [2023-04-12 10:38:49,559] : DEBUG -> Program output: - Time 3
2866 - [2023-04-12 10:38:49,559] : DEBUG -> ---------------------------
2866 - [2023-04-12 10:38:49,560] : DEBUG -> Uso: ./otimo <arquivo>

2866 - [2023-04-12 10:38:49,561] : DEBUG -> ---------------------------
2866 - [2023-04-12 10:38:49,562] : DEBUG -> Running input: /mnt/c/Users/silva/OneDrive/Área de Trabalho/exp_sorting_PRKG/code/inputs/city12.tsp - Time 4
2866 - [2023-04-12 10:38:49,573] : DEBUG -> Program output: - Time 4
2866 - [2023-04-12 10:38:49,574] : DEBUG -> ---------------------------
2866 - [2023-04-12 10:38:49,575] : DEBUG -> Uso: ./otimo <arquivo>

2866 - [2023-04-12 10:38:49,576] : DEBUG -> ---------------------------
2866 - [2023-04-12 10:38:49,576] : DEBUG -> Running input: /mnt/c/Users/silva/OneDrive/Área de Trabalho/exp_sorting_PRKG/code/inputs/city12.tsp - Time 5
2866 - [2023-04-12 10:38:49,588] : DEBUG -> Program output: - Time 5
2866 - [2023-04-12 10:38:49,589] : DEBUG -> ---------------------------
2866 - [2023-04-12 10:38:49,590] : DEBUG -> Uso: ./otimo <arquivo>

2866 - [2023-04-12 10:38:49,591] : DEBUG -> ---------------------------
2866 - [2023-04-12 10:38:49,592] : DEBUG -> Running input: /mnt/c/Users/silva/OneDrive/Área de Trabalho/exp_sorting_PRKG/code/inputs/city12.tsp - Time 6
2866 - [2023-04-12 10:38:49,603] : DEBUG -> Program output: - Time 6
2866 - [2023-04-12 10:38:49,604] : DEBUG -> ---------------------------
2866 - [2023-04-12 10:38:49,605] : DEBUG -> Uso: ./otimo <arquivo>

2866 - [2023-04-12 10:38:49,605] : DEBUG -> ---------------------------
2866 - [2023-04-12 10:38:49,606] : DEBUG -> Running input: /mnt/c/Users/silva/OneDrive/Área de Trabalho/exp_sorting_PRKG/code/inputs/city12.tsp - Time 7
2866 - [2023-04-12 10:38:49,617] : DEBUG -> Program output: - Time 7
2866 - [2023-04-12 10:38:49,618] : DEBUG -> ---------------------------
2866 - [2023-04-12 10:38:49,618] : DEBUG -> Uso: ./otimo <arquivo>

2866 - [2023-04-12 10:38:49,619] : DEBUG -> ---------------------------
2866 - [2023-04-12 10:38:49,620] : DEBUG -> Running input: /mnt/c/Users/silva/OneDrive/Área de Trabalho/exp_sorting_PRKG/code/inputs/city12.tsp - Time 8
2866 - [2023-04-12 10:38:49,631] : DEBUG -> Program output: - Time 8
2866 - [2023-04-12 10:38:49,632] : DEBUG -> ---------------------------
2866 - [2023-04-12 10:38:49,632] : DEBUG -> Uso: ./otimo <arquivo>

2866 - [2023-04-12 10:38:49,633] : DEBUG -> ---------------------------
2866 - [2023-04-12 10:38:49,634] : DEBUG -> Running input: /mnt/c/Users/silva/OneDrive/Área de Trabalho/exp_sorting_PRKG/code/inputs/city12.tsp - Time 9
2866 - [2023-04-12 10:38:49,645] : DEBUG -> Program output: - Time 9
2866 - [2023-04-12 10:38:49,646] : DEBUG -> ---------------------------
2866 - [2023-04-12 10:38:49,647] : DEBUG -> Uso: ./otimo <arquivo>

2866 - [2023-04-12 10:38:49,647] : DEBUG -> ---------------------------
2866 - [2023-04-12 10:38:49,648] : DEBUG -> Running input: /mnt/c/Users/silva/OneDrive/Área de Trabalho/exp_sorting_PRKG/code/inputs/city12.tsp - Time 10
2866 - [2023-04-12 10:38:49,659] : DEBUG -> Program output: - Time 10
2866 - [2023-04-12 10:38:49,660] : DEBUG -> ---------------------------
2866 - [2023-04-12 10:38:49,661] : DEBUG -> Uso: ./otimo <arquivo>

2866 - [2023-04-12 10:38:49,662] : DEBUG -> ---------------------------
2866 - [2023-04-12 10:38:49,663] : DEBUG -> Running input: /mnt/c/Users/silva/OneDrive/Área de Trabalho/exp_sorting_PRKG/code/inputs/city12.tsp - Time 11
2866 - [2023-04-12 10:38:49,673] : DEBUG -> Program output: - Time 11
2866 - [2023-04-12 10:38:49,674] : DEBUG -> ---------------------------
2866 - [2023-04-12 10:38:49,675] : DEBUG -> Uso: ./otimo <arquivo>

2866 - [2023-04-12 10:38:49,676] : DEBUG -> ---------------------------
2866 - [2023-04-12 10:38:49,676] : DEBUG -> Running input: /mnt/c/Users/silva/OneDrive/Área de Trabalho/exp_sorting_PRKG/code/inputs/city12.tsp - Time 12
2866 - [2023-04-12 10:38:49,687] : DEBUG -> Program output: - Time 12
2866 - [2023-04-12 10:38:49,688] : DEBUG -> ---------------------------
2866 - [2023-04-12 10:38:49,688] : DEBUG -> Uso: ./otimo <arquivo>

2866 - [2023-04-12 10:38:49,689] : DEBUG -> ---------------------------
2866 - [2023-04-12 10:38:49,694] : DEBUG -> Running input: /mnt/c/Users/silva/OneDrive/Área de Trabalho/exp_sorting_PRKG/code/inputs/city13.tsp - Time 0
2866 - [2023-04-12 10:38:49,704] : DEBUG -> Program output: - Time 0
2866 - [2023-04-12 10:38:49,705] : DEBUG -> ---------------------------
2866 - [2023-04-12 10:38:49,706] : DEBUG -> Uso: ./otimo <arquivo>

2866 - [2023-04-12 10:38:49,707] : DEBUG -> ---------------------------
2866 - [2023-04-12 10:38:49,707] : DEBUG -> Running input: /mnt/c/Users/silva/OneDrive/Área de Trabalho/exp_sorting_PRKG/code/inputs/city13.tsp - Time 1
2866 - [2023-04-12 10:38:49,718] : DEBUG -> Program output: - Time 1
2866 - [2023-04-12 10:38:49,719] : DEBUG -> ---------------------------
2866 - [2023-04-12 10:38:49,720] : DEBUG -> Uso: ./otimo <arquivo>

2866 - [2023-04-12 10:38:49,721] : DEBUG -> ---------------------------
2866 - [2023-04-12 10:38:49,721] : DEBUG -> Running input: /mnt/c/Users/silva/OneDrive/Área de Trabalho/exp_sorting_PRKG/code/inputs/city13.tsp - Time 2
2866 - [2023-04-12 10:38:49,732] : DEBUG -> Program output: - Time 2
2866 - [2023-04-12 10:38:49,733] : DEBUG -> ---------------------------
2866 - [2023-04-12 10:38:49,734] : DEBUG -> Uso: ./otimo <arquivo>

2866 - [2023-04-12 10:38:49,734] : DEBUG -> ---------------------------
2866 - [2023-04-12 10:38:49,735] : DEBUG -> Running input: /mnt/c/Users/silva/OneDrive/Área de Trabalho/exp_sorting_PRKG/code/inputs/city13.tsp - Time 3
2866 - [2023-04-12 10:38:49,745] : DEBUG -> Program output: - Time 3
2866 - [2023-04-12 10:38:49,746] : DEBUG -> ---------------------------
2866 - [2023-04-12 10:38:49,747] : DEBUG -> Uso: ./otimo <arquivo>

2866 - [2023-04-12 10:38:49,748] : DEBUG -> ---------------------------
2866 - [2023-04-12 10:38:49,748] : DEBUG -> Running input: /mnt/c/Users/silva/OneDrive/Área de Trabalho/exp_sorting_PRKG/code/inputs/city13.tsp - Time 4
2866 - [2023-04-12 10:38:49,759] : DEBUG -> Program output: - Time 4
2866 - [2023-04-12 10:38:49,760] : DEBUG -> ---------------------------
2866 - [2023-04-12 10:38:49,761] : DEBUG -> Uso: ./otimo <arquivo>

2866 - [2023-04-12 10:38:49,762] : DEBUG -> ---------------------------
2866 - [2023-04-12 10:38:49,762] : DEBUG -> Running input: /mnt/c/Users/silva/OneDrive/Área de Trabalho/exp_sorting_PRKG/code/inputs/city13.tsp - Time 5
2866 - [2023-04-12 10:38:49,773] : DEBUG -> Program output: - Time 5
2866 - [2023-04-12 10:38:49,774] : DEBUG -> ---------------------------
2866 - [2023-04-12 10:38:49,775] : DEBUG -> Uso: ./otimo <arquivo>

2866 - [2023-04-12 10:38:49,775] : DEBUG -> ---------------------------
2866 - [2023-04-12 10:38:49,776] : DEBUG -> Running input: /mnt/c/Users/silva/OneDrive/Área de Trabalho/exp_sorting_PRKG/code/inputs/city13.tsp - Time 6
2866 - [2023-04-12 10:38:49,787] : DEBUG -> Program output: - Time 6
2866 - [2023-04-12 10:38:49,787] : DEBUG -> ---------------------------
2866 - [2023-04-12 10:38:49,788] : DEBUG -> Uso: ./otimo <arquivo>

2866 - [2023-04-12 10:38:49,789] : DEBUG -> ---------------------------
2866 - [2023-04-12 10:38:49,790] : DEBUG -> Running input: /mnt/c/Users/silva/OneDrive/Área de Trabalho/exp_sorting_PRKG/code/inputs/city13.tsp - Time 7
2866 - [2023-04-12 10:38:49,800] : DEBUG -> Program output: - Time 7
2866 - [2023-04-12 10:38:49,801] : DEBUG -> ---------------------------
2866 - [2023-04-12 10:38:49,802] : DEBUG -> Uso: ./otimo <arquivo>

2866 - [2023-04-12 10:38:49,803] : DEBUG -> ---------------------------
2866 - [2023-04-12 10:38:49,804] : DEBUG -> Running input: /mnt/c/Users/silva/OneDrive/Área de Trabalho/exp_sorting_PRKG/code/inputs/city13.tsp - Time 8
2866 - [2023-04-12 10:38:49,814] : DEBUG -> Program output: - Time 8
2866 - [2023-04-12 10:38:49,815] : DEBUG -> ---------------------------
2866 - [2023-04-12 10:38:49,816] : DEBUG -> Uso: ./otimo <arquivo>

2866 - [2023-04-12 10:38:49,817] : DEBUG -> ---------------------------
2866 - [2023-04-12 10:38:49,817] : DEBUG -> Running input: /mnt/c/Users/silva/OneDrive/Área de Trabalho/exp_sorting_PRKG/code/inputs/city13.tsp - Time 9
2866 - [2023-04-12 10:38:49,828] : DEBUG -> Program output: - Time 9
2866 - [2023-04-12 10:38:49,828] : DEBUG -> ---------------------------
2866 - [2023-04-12 10:38:49,829] : DEBUG -> Uso: ./otimo <arquivo>

2866 - [2023-04-12 10:38:49,830] : DEBUG -> ---------------------------
2866 - [2023-04-12 10:38:49,831] : DEBUG -> Running input: /mnt/c/Users/silva/OneDrive/Área de Trabalho/exp_sorting_PRKG/code/inputs/city13.tsp - Time 10
2866 - [2023-04-12 10:38:49,841] : DEBUG -> Program output: - Time 10
2866 - [2023-04-12 10:38:49,842] : DEBUG -> ---------------------------
2866 - [2023-04-12 10:38:49,843] : DEBUG -> Uso: ./otimo <arquivo>

2866 - [2023-04-12 10:38:49,844] : DEBUG -> ---------------------------
2866 - [2023-04-12 10:38:49,845] : DEBUG -> Running input: /mnt/c/Users/silva/OneDrive/Área de Trabalho/exp_sorting_PRKG/code/inputs/city13.tsp - Time 11
2866 - [2023-04-12 10:38:49,856] : DEBUG -> Program output: - Time 11
2866 - [2023-04-12 10:38:49,857] : DEBUG -> ---------------------------
2866 - [2023-04-12 10:38:49,858] : DEBUG -> Uso: ./otimo <arquivo>

2866 - [2023-04-12 10:38:49,858] : DEBUG -> ---------------------------
2866 - [2023-04-12 10:38:49,859] : DEBUG -> Running input: /mnt/c/Users/silva/OneDrive/Área de Trabalho/exp_sorting_PRKG/code/inputs/city13.tsp - Time 12
2866 - [2023-04-12 10:38:49,870] : DEBUG -> Program output: - Time 12
2866 - [2023-04-12 10:38:49,872] : DEBUG -> ---------------------------
2866 - [2023-04-12 10:38:49,874] : DEBUG -> Uso: ./otimo <arquivo>

2866 - [2023-04-12 10:38:49,875] : DEBUG -> ---------------------------
